*** Using Compiler 'V6.14.1', folder: 'E:\Software\Develop\Keil_v5\MDK532\ARM\ARMCLANG\Bin'
Rebuild target 'EntranceGuard'
compiling stm32l0xx_ll_gpio.c...
compiling sys.c...
compiling font.c...
compiling stm32l0xx_it.c...
assembling startup_stm32l010x4.s...
compiling stm32l0xx_ll_lptim.c...
compiling stm32l0xx_ll_rcc.c...
compiling main.c...
compiling usart.c...
compiling gpio.c...
compiling rtc.c...
compiling lptim.c...
compiling tim.c...
compiling loop.c...
compiling stm32l0xx_ll_utils.c...
compiling stm32l0xx_ll_exti.c...
compiling stm32l0xx_ll_spi.c...
compiling stm32l0xx_ll_dma.c...
compiling stm32l0xx_ll_pwr.c...
compiling stm32l0xx_ll_rtc.c...
compiling stm32l0xx_ll_tim.c...
compiling system_stm32l0xx.c...
compiling stm32l0xx_ll_usart.c...
compiling nfc.c...
compiling acousto_optic.c...
compiling menu.c...
compiling OLED.c...
compiling eink.c...
compiling eeprom.c...
compiling SI522A_interface.c...
compiling key.c...
compiling SI522A_App.c...
linking...
Program Size: Code=15000 RO-data=952 RW-data=272 ZI-data=1776  
FromELF: creating hex file...
"EntranceGuard\EntranceGuard.axf" - 0 Error(s), 0 Warning(s).
Build Time Elapsed:  00:00:01
